<?xml version="1.0" encoding="UTF-8"?>
<!-- Generated by org.testng.reporters.JUnitXMLReporter -->
<testsuite ignored="0" hostname="THEPACKS" failures="0" tests="6" name="Surefire test" time="0.078" errors="0" timestamp="2020-04-18T14:26:28 IST">
  <testcase classname="qaclickacademy.AppiumTest" name="iosApp" time="0.0"/>
  <testcase classname="qaclickacademy.AppiumTest" name="nativeAPIAndroid" time="0.0"/>
  <testcase classname="qaclickacademy.RESTAPITest" name="deleteTwitter" time="0.0"/>
  <testcase classname="qaclickacademy.RESTAPITest" name="postJira" time="0.0"/>
  <testcase classname="qaclickacademy.seleniumTest" name="browserTesing" time="0.0"/>
  <testcase classname="qaclickacademy.seleniumTest" name="elementUi" time="0.0"/>
</testsuite> <!-- Surefire test -->
