<?xml version="1.0" encoding="UTF-8"?>
<!-- Generated by org.testng.reporters.JUnitXMLReporter -->
<testsuite ignored="0" hostname="THEPACKS" failures="0" tests="4" name="Test" time="0.156" errors="0" timestamp="2020-04-18T17:53:05 IST">
  <testcase classname="qaclickacademy.RESTAPITest" name="deleteTwitter" time="0.015"/>
  <testcase classname="qaclickacademy.RESTAPITest" name="postJira" time="0.016"/>
  <testcase classname="qaclickacademy.seleniumTest" name="browserTesing" time="0.0"/>
  <testcase classname="qaclickacademy.seleniumTest" name="elementUi" time="0.0"/>
</testsuite> <!-- Test -->
