<?xml version="1.0" encoding="UTF-8"?>
<testng-results ignored="0" total="4" passed="4" failed="0" skipped="0">
  <reporter-output>
  </reporter-output>
  <suite started-at="2020-04-18T17:53:05 IST" name="Suite" finished-at="2020-04-18T17:53:05 IST" duration-ms="156">
    <groups>
    </groups>
    <test started-at="2020-04-18T17:53:05 IST" name="Test" finished-at="2020-04-18T17:53:05 IST" duration-ms="156">
      <class name="qaclickacademy.RESTAPITest">
        <test-method signature="deleteTwitter()[pri:0, instance:qaclickacademy.RESTAPITest@4b44655e]" started-at="2020-04-18T17:53:05 IST" name="deleteTwitter" finished-at="2020-04-18T17:53:05 IST" duration-ms="15" status="PASS">
          <reporter-output>
          </reporter-output>
        </test-method> <!-- deleteTwitter -->
        <test-method signature="postJira()[pri:0, instance:qaclickacademy.RESTAPITest@4b44655e]" started-at="2020-04-18T17:53:05 IST" name="postJira" finished-at="2020-04-18T17:53:05 IST" duration-ms="16" status="PASS">
          <reporter-output>
          </reporter-output>
        </test-method> <!-- postJira -->
      </class> <!-- qaclickacademy.RESTAPITest -->
      <class name="qaclickacademy.seleniumTest">
        <test-method signature="browserTesing()[pri:0, instance:qaclickacademy.seleniumTest@290d210d]" started-at="2020-04-18T17:53:05 IST" name="browserTesing" finished-at="2020-04-18T17:53:05 IST" duration-ms="0" status="PASS">
          <reporter-output>
          </reporter-output>
        </test-method> <!-- browserTesing -->
        <test-method signature="elementUi()[pri:0, instance:qaclickacademy.seleniumTest@290d210d]" started-at="2020-04-18T17:53:05 IST" name="elementUi" finished-at="2020-04-18T17:53:05 IST" duration-ms="0" status="PASS">
          <reporter-output>
          </reporter-output>
        </test-method> <!-- elementUi -->
      </class> <!-- qaclickacademy.seleniumTest -->
    </test> <!-- Test -->
  </suite> <!-- Suite -->
</testng-results>
